Using pre-set license
Built from '2020.3/release' branch; Version is '2020.3.1f1 (77a89f25062f) revision 7841951'; Using compiler version '192528614'; Build Type 'Release'
OS: 'Windows 10 Pro; OS build 19043.1348; Version 2009; 64bit' Language: 'tr' Physical Memory: 8076 MB
BatchMode: 1, IsHumanControllingUs: 0, StartBugReporterOnCrash: 0, Is64bit: 1, IsPro: 0

 COMMAND LINE ARGUMENTS:
C:\Program Files\Unity\Hub\Editor\2020.3.1f1\Editor\Unity.exe
-adb2
-batchMode
-noUpm
-name
AssetImportWorker0
-projectPath
C:/Users/Ölü Ruhların Dansı/Documents/Unity Projects/Runner
-logFile
Logs/AssetImportWorker0.log
-srvPort
8773
Successfully changed project path to: C:/Users/Ölü Ruhların Dansı/Documents/Unity Projects/Runner
C:/Users/Ölü Ruhların Dansı/Documents/Unity Projects/Runner
Using Asset Import Pipeline V2.
Refreshing native plugins compatible for Editor in 64.24 ms, found 0 plugins.
Preloading 0 native plugins for Editor in 0.00 ms.
Initialize engine version: 2020.3.1f1 (77a89f25062f)
[Subsystems] Discovering subsystems at path C:/Program Files/Unity/Hub/Editor/2020.3.1f1/Editor/Data/Resources/UnitySubsystems
[Subsystems] Discovering subsystems at path C:/Users/Ölü Ruhların Dansı/Documents/Unity Projects/Runner/Assets
GfxDevice: creating device client; threaded=0
Direct3D:
    Version:  Direct3D 11.0 [level 11.0]
    Renderer: NVIDIA GeForce GTX 960M (ID=0x139b)
    Vendor:   
    VRAM:     2010 MB
    Driver:   30.0.14.9613
Initialize mono
Mono path[0] = 'C:/Program Files/Unity/Hub/Editor/2020.3.1f1/Editor/Data/Managed'
Mono path[1] = 'C:/Program Files/Unity/Hub/Editor/2020.3.1f1/Editor/Data/MonoBleedingEdge/lib/mono/unityjit'
Mono config path = 'C:/Program Files/Unity/Hub/Editor/2020.3.1f1/Editor/Data/MonoBleedingEdge/etc'
Using monoOptions --debugger-agent=transport=dt_socket,embedding=1,server=y,suspend=n,address=127.0.0.1:56728
Begin MonoManager ReloadAssembly
Registering precompiled unity dll's ...
Register platform support module: C:/Program Files/Unity/Hub/Editor/2020.3.1f1/Editor/Data/PlaybackEngines/WindowsStandaloneSupport/UnityEditor.WindowsStandalone.Extensions.dll
Registered in 0.004625 seconds.
Native extension for WindowsStandalone target not found
Refreshing native plugins compatible for Editor in 58.66 ms, found 0 plugins.
Preloading 0 native plugins for Editor in 0.00 ms.
Invoked RoslynAnalysisRunner static constructor.
RoslynAnalysisRunner will not be running.
RoslynAnalysisRunner has terminated.
Mono: successfully reloaded assembly
- Completed reload, in  1.549 seconds
Platform modules already initialized, skipping
Registering precompiled user dll's ...
Registered in 0.002048 seconds.
Begin MonoManager ReloadAssembly
Native extension for WindowsStandalone target not found
Refreshing native plugins compatible for Editor in 54.36 ms, found 0 plugins.
Preloading 0 native plugins for Editor in 0.00 ms.
Invoked RoslynAnalysisRunner static constructor.
RoslynAnalysisRunner will not be running.
RoslynAnalysisRunner has terminated.
Mono: successfully reloaded assembly
- Completed reload, in  1.294 seconds
Platform modules already initialized, skipping
========================================================================
Worker process is ready to serve import requests
Shader 'Universal Render Pipeline/Particles/Lit': fallback shader 'Universal Render Pipeline/Particles/SimpleLit' not found
Shader 'Universal Render Pipeline/Particles/Lit': fallback shader 'Universal Render Pipeline/Particles/SimpleLit' not found
Launched and connected shader compiler UnityShaderCompiler.exe after 0.05 seconds
Refreshing native plugins compatible for Editor in 0.53 ms, found 0 plugins.
Preloading 0 native plugins for Editor in 0.00 ms.
Unloading 2590 Unused Serialized files (Serialized files now loaded: 0)
System memory in use before: 119.0 MB.
System memory in use after: 116.8 MB.

Unloading 44 unused Assets to reduce memory usage. Loaded Objects now: 3000.
Total: 6.791600 ms (FindLiveObjects: 0.325700 ms CreateObjectMapping: 0.150100 ms MarkObjects: 4.648700 ms  DeleteObjects: 1.664900 ms)

========================================================================
Received Import Request.
  path: Assets/Prefabs/Levels/01 1
  artifactKey: Guid(0a6543527e5dc6f4e9ce866ca9d129d9) Importer(815301076,1909f56bfc062723c751e8b465ee728b)
Start importing Assets/Prefabs/Levels/01 1 using Guid(0a6543527e5dc6f4e9ce866ca9d129d9) Importer(815301076,1909f56bfc062723c751e8b465ee728b)  -> (artifact id: '72b5f476b3cbebd2436a683edc9d54f7') in 0.011882 seconds
  Import took 0.018533 seconds .

========================================================================
Received Import Request.
  Time since last request: 2.086175 seconds.
  path: Assets/Prefabs/Levels/02
  artifactKey: Guid(0a6543527e5dc6f4e9ce866ca9d129d9) Importer(815301076,1909f56bfc062723c751e8b465ee728b)
Start importing Assets/Prefabs/Levels/02 using Guid(0a6543527e5dc6f4e9ce866ca9d129d9) Importer(815301076,1909f56bfc062723c751e8b465ee728b)  -> (artifact id: 'b8d8f76d3a3912b2c009c7afebb7ec07') in 0.009949 seconds
  Import took 0.017161 seconds .

========================================================================
Received Import Request.
  Time since last request: 2.894463 seconds.
  path: Assets/Prefabs/Levels/02/03
  artifactKey: Guid(d0e1207f8f93e9747b54d367864ba179) Importer(815301076,1909f56bfc062723c751e8b465ee728b)
Start importing Assets/Prefabs/Levels/02/03 using Guid(d0e1207f8f93e9747b54d367864ba179) Importer(815301076,1909f56bfc062723c751e8b465ee728b)  -> (artifact id: '740dff9911baf1acd41fa5b3d2904316') in 0.014103 seconds
  Import took 0.020125 seconds .

========================================================================
Received Import Request.
  Time since last request: 0.008853 seconds.
  path: Assets/Prefabs/Levels/02/03
  artifactKey: Guid(d0e1207f8f93e9747b54d367864ba179) Importer(815301076,1909f56bfc062723c751e8b465ee728b)
Start importing Assets/Prefabs/Levels/02/03 using Guid(d0e1207f8f93e9747b54d367864ba179) Importer(815301076,1909f56bfc062723c751e8b465ee728b)  -> (artifact id: '740dff9911baf1acd41fa5b3d2904316') in 0.002832 seconds
  Import took 0.011789 seconds .

========================================================================
Received Import Request.
  Time since last request: 4.312759 seconds.
  path: Assets/Prefabs/Levels/02/03/04
  artifactKey: Guid(842b561c85744a14a84db8dc42651164) Importer(815301076,1909f56bfc062723c751e8b465ee728b)
Start importing Assets/Prefabs/Levels/02/03/04 using Guid(842b561c85744a14a84db8dc42651164) Importer(815301076,1909f56bfc062723c751e8b465ee728b)  -> (artifact id: '4032c63576d1cd3e78334cc758781dee') in 0.011409 seconds
  Import took 0.016709 seconds .

========================================================================
Received Import Request.
  Time since last request: 0.010628 seconds.
  path: Assets/Prefabs/Levels/02/03/04
  artifactKey: Guid(842b561c85744a14a84db8dc42651164) Importer(815301076,1909f56bfc062723c751e8b465ee728b)
Start importing Assets/Prefabs/Levels/02/03/04 using Guid(842b561c85744a14a84db8dc42651164) Importer(815301076,1909f56bfc062723c751e8b465ee728b)  -> (artifact id: '4032c63576d1cd3e78334cc758781dee') in 0.003345 seconds
  Import took 0.010617 seconds .

========================================================================
Received Import Request.
  Time since last request: 2.152190 seconds.
  path: Assets/Prefabs/Levels/02/03/04/05
  artifactKey: Guid(2e2eea28c86d83c478b4b962784ca802) Importer(815301076,1909f56bfc062723c751e8b465ee728b)
Start importing Assets/Prefabs/Levels/02/03/04/05 using Guid(2e2eea28c86d83c478b4b962784ca802) Importer(815301076,1909f56bfc062723c751e8b465ee728b)  -> (artifact id: '9a9008961710689fafcb98cef5138714') in 0.009566 seconds
  Import took 0.021216 seconds .

========================================================================
Received Import Request.
  Time since last request: 9.252412 seconds.
  path: Assets/Prefabs/Levels/01
  artifactKey: Guid(736d2085447f2f9479d2fc8141dd3b79) Importer(815301076,1909f56bfc062723c751e8b465ee728b)
Start importing Assets/Prefabs/Levels/01 using Guid(736d2085447f2f9479d2fc8141dd3b79) Importer(815301076,1909f56bfc062723c751e8b465ee728b)  -> (artifact id: '1efc4f94b772a0f7fdb136bca6b55c45') in 0.009062 seconds
  Import took 0.015946 seconds .

========================================================================
Received Prepare
Registering precompiled user dll's ...
Registered in 0.003601 seconds.
Begin MonoManager ReloadAssembly
Native extension for WindowsStandalone target not found
Refreshing native plugins compatible for Editor in 0.55 ms, found 0 plugins.
Preloading 0 native plugins for Editor in 0.00 ms.
Invoked RoslynAnalysisRunner static constructor.
RoslynAnalysisRunner will not be running.
RoslynAnalysisRunner has terminated.
Mono: successfully reloaded assembly
- Completed reload, in  1.545 seconds
Platform modules already initialized, skipping
Shader 'Universal Render Pipeline/Particles/Lit': fallback shader 'Universal Render Pipeline/Particles/SimpleLit' not found
Shader 'Universal Render Pipeline/Particles/Lit': fallback shader 'Universal Render Pipeline/Particles/SimpleLit' not found
Refreshing native plugins compatible for Editor in 0.91 ms, found 0 plugins.
Preloading 0 native plugins for Editor in 0.00 ms.
Unloading 2498 Unused Serialized files (Serialized files now loaded: 0)
System memory in use before: 114.6 MB.
System memory in use after: 112.4 MB.

Unloading 39 unused Assets to reduce memory usage. Loaded Objects now: 3003.
Total: 5.073500 ms (FindLiveObjects: 0.322600 ms CreateObjectMapping: 0.136500 ms MarkObjects: 2.303400 ms  DeleteObjects: 2.308700 ms)

========================================================================
Received Prepare
Registering precompiled user dll's ...
Registered in 0.002890 seconds.
Begin MonoManager ReloadAssembly
Native extension for WindowsStandalone target not found
Refreshing native plugins compatible for Editor in 0.53 ms, found 0 plugins.
Preloading 0 native plugins for Editor in 0.00 ms.
Invoked RoslynAnalysisRunner static constructor.
RoslynAnalysisRunner will not be running.
RoslynAnalysisRunner has terminated.
Mono: successfully reloaded assembly
- Completed reload, in  1.907 seconds
Platform modules already initialized, skipping
Shader 'Universal Render Pipeline/Particles/Lit': fallback shader 'Universal Render Pipeline/Particles/SimpleLit' not found
Shader 'Universal Render Pipeline/Particles/Lit': fallback shader 'Universal Render Pipeline/Particles/SimpleLit' not found
Refreshing native plugins compatible for Editor in 2.96 ms, found 0 plugins.
Preloading 0 native plugins for Editor in 0.00 ms.
Unloading 2498 Unused Serialized files (Serialized files now loaded: 0)
System memory in use before: 114.6 MB.
System memory in use after: 112.5 MB.

Unloading 39 unused Assets to reduce memory usage. Loaded Objects now: 3006.
Total: 10.804800 ms (FindLiveObjects: 1.096700 ms CreateObjectMapping: 0.674800 ms MarkObjects: 5.808900 ms  DeleteObjects: 3.221300 ms)

========================================================================
Received Import Request.
  Time since last request: 434.514475 seconds.
  path: Assets/Prefabs/Levels
  artifactKey: Guid(9db1ac1d2e8e96143878057163e5db88) Importer(815301076,1909f56bfc062723c751e8b465ee728b)
Start importing Assets/Prefabs/Levels using Guid(9db1ac1d2e8e96143878057163e5db88) Importer(815301076,1909f56bfc062723c751e8b465ee728b)  -> (artifact id: '689b6636c23818d6d557c2fc4453d1fd') in 0.020252 seconds
  Import took 0.028287 seconds .

========================================================================
Received Import Request.
  Time since last request: 0.006365 seconds.
  path: Assets/Prefabs/Levels
  artifactKey: Guid(9db1ac1d2e8e96143878057163e5db88) Importer(815301076,1909f56bfc062723c751e8b465ee728b)
Start importing Assets/Prefabs/Levels using Guid(9db1ac1d2e8e96143878057163e5db88) Importer(815301076,1909f56bfc062723c751e8b465ee728b)  -> (artifact id: '689b6636c23818d6d557c2fc4453d1fd') in 0.003963 seconds
  Import took 0.017896 seconds .

========================================================================
Received Import Request.
  Time since last request: 44.747165 seconds.
  path: Assets/Prefabs/Levels/Level2.prefab
  artifactKey: Guid(c69f3cf9d9da0a84d9f5162ff79d65b2) Importer(815301076,1909f56bfc062723c751e8b465ee728b)
Start importing Assets/Prefabs/Levels/Level2.prefab using Guid(c69f3cf9d9da0a84d9f5162ff79d65b2) Importer(815301076,1909f56bfc062723c751e8b465ee728b)  -> (artifact id: '67c6b5c1c92e2d0ec163c808e8944e89') in 0.551842 seconds
  Import took 0.561964 seconds .

========================================================================
Received Import Request.
  Time since last request: 169.797551 seconds.
  path: Assets/Prefabs/Levels/Level2.prefab
  artifactKey: Guid(c69f3cf9d9da0a84d9f5162ff79d65b2) Importer(815301076,1909f56bfc062723c751e8b465ee728b)
Start importing Assets/Prefabs/Levels/Level2.prefab using Guid(c69f3cf9d9da0a84d9f5162ff79d65b2) Importer(815301076,1909f56bfc062723c751e8b465ee728b)  -> (artifact id: 'c36e5cbd9dcc00fc912b5167402b774f') in 0.040502 seconds
  Import took 0.050825 seconds .

========================================================================
Received Import Request.
  Time since last request: 0.012832 seconds.
  path: Assets/Prefabs/Levels/Level2.prefab
  artifactKey: Guid(c69f3cf9d9da0a84d9f5162ff79d65b2) Importer(815301076,1909f56bfc062723c751e8b465ee728b)
Start importing Assets/Prefabs/Levels/Level2.prefab using Guid(c69f3cf9d9da0a84d9f5162ff79d65b2) Importer(815301076,1909f56bfc062723c751e8b465ee728b)  -> (artifact id: 'c36e5cbd9dcc00fc912b5167402b774f') in 0.027102 seconds
  Import took 0.032943 seconds .

========================================================================
Received Import Request.
  Time since last request: 9.422791 seconds.
  path: Assets/Prefabs/Levels/Level2.prefab
  artifactKey: Guid(c69f3cf9d9da0a84d9f5162ff79d65b2) Importer(815301076,1909f56bfc062723c751e8b465ee728b)
Start importing Assets/Prefabs/Levels/Level2.prefab using Guid(c69f3cf9d9da0a84d9f5162ff79d65b2) Importer(815301076,1909f56bfc062723c751e8b465ee728b)  -> (artifact id: '1751e58f1f15999dce08df271a871fb3') in 0.020809 seconds
  Import took 0.031852 seconds .

========================================================================
Received Import Request.
  Time since last request: 0.215002 seconds.
  path: Assets/Prefabs/Levels/Level2.prefab
  artifactKey: Guid(c69f3cf9d9da0a84d9f5162ff79d65b2) Importer(815301076,1909f56bfc062723c751e8b465ee728b)
Start importing Assets/Prefabs/Levels/Level2.prefab using Guid(c69f3cf9d9da0a84d9f5162ff79d65b2) Importer(815301076,1909f56bfc062723c751e8b465ee728b)  -> (artifact id: '7e53e0a5c976e20bf2cf54f6bdc9fcaa') in 0.025647 seconds
  Import took 0.035713 seconds .

========================================================================
Received Import Request.
  Time since last request: 0.007924 seconds.
  path: Assets/Prefabs/Levels/Level2.prefab
  artifactKey: Guid(c69f3cf9d9da0a84d9f5162ff79d65b2) Importer(815301076,1909f56bfc062723c751e8b465ee728b)
Start importing Assets/Prefabs/Levels/Level2.prefab using Guid(c69f3cf9d9da0a84d9f5162ff79d65b2) Importer(815301076,1909f56bfc062723c751e8b465ee728b)  -> (artifact id: '7e53e0a5c976e20bf2cf54f6bdc9fcaa') in 0.031011 seconds
  Import took 0.039602 seconds .

========================================================================
Received Import Request.
  Time since last request: 9.709153 seconds.
  path: Assets/Prefabs/Levels/Level2.prefab
  artifactKey: Guid(c69f3cf9d9da0a84d9f5162ff79d65b2) Importer(815301076,1909f56bfc062723c751e8b465ee728b)
Start importing Assets/Prefabs/Levels/Level2.prefab using Guid(c69f3cf9d9da0a84d9f5162ff79d65b2) Importer(815301076,1909f56bfc062723c751e8b465ee728b)  -> (artifact id: '00632b7dc75649becefcdba54435d878') in 0.020467 seconds
  Import took 0.027306 seconds .

========================================================================
Received Import Request.
  Time since last request: 9.484838 seconds.
  path: Assets/Prefabs/Levels/Level2 1.prefab
  artifactKey: Guid(8befb2cc88d87824db0a10db1f1da51f) Importer(815301076,1909f56bfc062723c751e8b465ee728b)
Start importing Assets/Prefabs/Levels/Level2 1.prefab using Guid(8befb2cc88d87824db0a10db1f1da51f) Importer(815301076,1909f56bfc062723c751e8b465ee728b)  -> (artifact id: '1a44a399e9c4861010895ff19c78ae16') in 0.031710 seconds
  Import took 0.038405 seconds .

========================================================================
Received Import Request.
  Time since last request: 2.904852 seconds.
  path: Assets/Prefabs/Levels/Level1.prefab
  artifactKey: Guid(8befb2cc88d87824db0a10db1f1da51f) Importer(815301076,1909f56bfc062723c751e8b465ee728b)
Start importing Assets/Prefabs/Levels/Level1.prefab using Guid(8befb2cc88d87824db0a10db1f1da51f) Importer(815301076,1909f56bfc062723c751e8b465ee728b)  -> (artifact id: '4d9bc970ba31d9c81e49c6793923c25f') in 0.027797 seconds
  Import took 0.035226 seconds .

========================================================================
Received Import Request.
  Time since last request: 84.852553 seconds.
  path: Assets/Prefabs/Levels/Level2.prefab
  artifactKey: Guid(c69f3cf9d9da0a84d9f5162ff79d65b2) Importer(815301076,1909f56bfc062723c751e8b465ee728b)
Start importing Assets/Prefabs/Levels/Level2.prefab using Guid(c69f3cf9d9da0a84d9f5162ff79d65b2) Importer(815301076,1909f56bfc062723c751e8b465ee728b)  -> (artifact id: '21070e1559fe28124eba64785606e34d') in 0.034226 seconds
  Import took 0.042108 seconds .

========================================================================
Received Import Request.
  Time since last request: 0.018587 seconds.
  path: Assets/Prefabs/Levels/Level2.prefab
  artifactKey: Guid(c69f3cf9d9da0a84d9f5162ff79d65b2) Importer(815301076,1909f56bfc062723c751e8b465ee728b)
Start importing Assets/Prefabs/Levels/Level2.prefab using Guid(c69f3cf9d9da0a84d9f5162ff79d65b2) Importer(815301076,1909f56bfc062723c751e8b465ee728b)  -> (artifact id: '21070e1559fe28124eba64785606e34d') in 0.029876 seconds
  Import took 0.037919 seconds .

========================================================================
Received Import Request.
  Time since last request: 3.558977 seconds.
  path: Assets/Prefabs/Levels/Level2 1.prefab
  artifactKey: Guid(59534e407543eb94ca675f41fe93c3e7) Importer(815301076,1909f56bfc062723c751e8b465ee728b)
Start importing Assets/Prefabs/Levels/Level2 1.prefab using Guid(59534e407543eb94ca675f41fe93c3e7) Importer(815301076,1909f56bfc062723c751e8b465ee728b)  -> (artifact id: 'a91099f50d0ff13c96f83d2166695e72') in 0.026960 seconds
  Import took 0.033761 seconds .

========================================================================
Received Import Request.
  Time since last request: 4.200016 seconds.
  path: Assets/Prefabs/Levels/Level3.prefab
  artifactKey: Guid(59534e407543eb94ca675f41fe93c3e7) Importer(815301076,1909f56bfc062723c751e8b465ee728b)
Start importing Assets/Prefabs/Levels/Level3.prefab using Guid(59534e407543eb94ca675f41fe93c3e7) Importer(815301076,1909f56bfc062723c751e8b465ee728b)  -> (artifact id: '4b38db6503adca7443a05a16fcbe2726') in 0.028105 seconds
  Import took 0.036889 seconds .

========================================================================
Received Import Request.
  Time since last request: 4.853348 seconds.
  path: Assets/Prefabs/Levels/Level2 1.prefab
  artifactKey: Guid(79ea09611cd0b364aa56fd17bd92ee92) Importer(815301076,1909f56bfc062723c751e8b465ee728b)
Start importing Assets/Prefabs/Levels/Level2 1.prefab using Guid(79ea09611cd0b364aa56fd17bd92ee92) Importer(815301076,1909f56bfc062723c751e8b465ee728b)  -> (artifact id: '3b759f1db4c76e4bba2e7a70ca5f5e21') in 0.024050 seconds
  Import took 0.030270 seconds .

========================================================================
Received Import Request.
  Time since last request: 3.147913 seconds.
  path: Assets/Prefabs/Levels/Level4.prefab
  artifactKey: Guid(79ea09611cd0b364aa56fd17bd92ee92) Importer(815301076,1909f56bfc062723c751e8b465ee728b)
Start importing Assets/Prefabs/Levels/Level4.prefab using Guid(79ea09611cd0b364aa56fd17bd92ee92) Importer(815301076,1909f56bfc062723c751e8b465ee728b)  -> (artifact id: '2b45b2893e1c8eee701cdefcd0559333') in 0.029821 seconds
  Import took 0.038000 seconds .

========================================================================
Received Import Request.
  Time since last request: 2.648039 seconds.
  path: Assets/Prefabs/Levels/Level4 1.prefab
  artifactKey: Guid(d6ef91cede1b092458b4976dd62aff0e) Importer(815301076,1909f56bfc062723c751e8b465ee728b)
Start importing Assets/Prefabs/Levels/Level4 1.prefab using Guid(d6ef91cede1b092458b4976dd62aff0e) Importer(815301076,1909f56bfc062723c751e8b465ee728b)  -> (artifact id: 'efc6b1e35e809a499571f774b8eb3ca8') in 0.025555 seconds
  Import took 0.037938 seconds .

========================================================================
Received Import Request.
  Time since last request: 3.672261 seconds.
  path: Assets/Prefabs/Levels/Level5.prefab
  artifactKey: Guid(d6ef91cede1b092458b4976dd62aff0e) Importer(815301076,1909f56bfc062723c751e8b465ee728b)
Start importing Assets/Prefabs/Levels/Level5.prefab using Guid(d6ef91cede1b092458b4976dd62aff0e) Importer(815301076,1909f56bfc062723c751e8b465ee728b)  -> (artifact id: 'e3bacb02e28f1ee5c6d149bae3165e23') in 0.023674 seconds
  Import took 0.037523 seconds .

========================================================================
Received Import Request.
  Time since last request: 34.977617 seconds.
  path: Assets/Prefabs/Levels/Level3.prefab
  artifactKey: Guid(59534e407543eb94ca675f41fe93c3e7) Importer(815301076,1909f56bfc062723c751e8b465ee728b)
Start importing Assets/Prefabs/Levels/Level3.prefab using Guid(59534e407543eb94ca675f41fe93c3e7) Importer(815301076,1909f56bfc062723c751e8b465ee728b)  -> (artifact id: 'f539eb2af9f912bdbce914d5aef0a707') in 0.028104 seconds
  Import took 0.035523 seconds .

========================================================================
Received Import Request.
  Time since last request: 0.030799 seconds.
  path: Assets/Prefabs/Levels/Level3.prefab
  artifactKey: Guid(59534e407543eb94ca675f41fe93c3e7) Importer(815301076,1909f56bfc062723c751e8b465ee728b)
Start importing Assets/Prefabs/Levels/Level3.prefab using Guid(59534e407543eb94ca675f41fe93c3e7) Importer(815301076,1909f56bfc062723c751e8b465ee728b)  -> (artifact id: 'f539eb2af9f912bdbce914d5aef0a707') in 0.047256 seconds
  Import took 0.055384 seconds .

========================================================================
Received Import Request.
  Time since last request: 76.783670 seconds.
  path: Assets/Prefabs/Levels/Level4.prefab
  artifactKey: Guid(79ea09611cd0b364aa56fd17bd92ee92) Importer(815301076,1909f56bfc062723c751e8b465ee728b)
Start importing Assets/Prefabs/Levels/Level4.prefab using Guid(79ea09611cd0b364aa56fd17bd92ee92) Importer(815301076,1909f56bfc062723c751e8b465ee728b)  -> (artifact id: 'eb7654a1699bd01f14fc3ac53473960c') in 0.043383 seconds
  Import took 0.060232 seconds .

========================================================================
Received Import Request.
  Time since last request: 0.017362 seconds.
  path: Assets/Prefabs/Levels/Level4.prefab
  artifactKey: Guid(79ea09611cd0b364aa56fd17bd92ee92) Importer(815301076,1909f56bfc062723c751e8b465ee728b)
Start importing Assets/Prefabs/Levels/Level4.prefab using Guid(79ea09611cd0b364aa56fd17bd92ee92) Importer(815301076,1909f56bfc062723c751e8b465ee728b)  -> (artifact id: 'eb7654a1699bd01f14fc3ac53473960c') in 0.116203 seconds
  Import took 0.129850 seconds .

========================================================================
Received Import Request.
  Time since last request: 5.058599 seconds.
  path: Assets/Prefabs/Levels/Level4 1.prefab
  artifactKey: Guid(d69b74bde07a4b342b2d24986440bb42) Importer(815301076,1909f56bfc062723c751e8b465ee728b)
Start importing Assets/Prefabs/Levels/Level4 1.prefab using Guid(d69b74bde07a4b342b2d24986440bb42) Importer(815301076,1909f56bfc062723c751e8b465ee728b)  -> (artifact id: 'e6e596c93d00be0e1ccc99f137b68d35') in 0.022042 seconds
  Import took 0.032599 seconds .

========================================================================
Received Import Request.
  Time since last request: 2.331250 seconds.
  path: Assets/Prefabs/Levels/Level5.prefab
  artifactKey: Guid(d69b74bde07a4b342b2d24986440bb42) Importer(815301076,1909f56bfc062723c751e8b465ee728b)
Start importing Assets/Prefabs/Levels/Level5.prefab using Guid(d69b74bde07a4b342b2d24986440bb42) Importer(815301076,1909f56bfc062723c751e8b465ee728b)  -> (artifact id: 'dd4d135c4fe784be8d206f9d6ac6095f') in 0.033570 seconds
  Import took 0.045865 seconds .

========================================================================
Received Import Request.
  Time since last request: 57.837354 seconds.
  path: Assets/Prefabs/Levels/Level1.prefab
  artifactKey: Guid(8befb2cc88d87824db0a10db1f1da51f) Importer(815301076,1909f56bfc062723c751e8b465ee728b)
Start importing Assets/Prefabs/Levels/Level1.prefab using Guid(8befb2cc88d87824db0a10db1f1da51f) Importer(815301076,1909f56bfc062723c751e8b465ee728b)  -> (artifact id: 'aa93b1b7cc4c281ce6699684fbab1dad') in 0.023816 seconds
  Import took 0.039461 seconds .

========================================================================
Received Import Request.
  Time since last request: 0.018594 seconds.
  path: Assets/Prefabs/Levels/Level1.prefab
  artifactKey: Guid(8befb2cc88d87824db0a10db1f1da51f) Importer(815301076,1909f56bfc062723c751e8b465ee728b)
Start importing Assets/Prefabs/Levels/Level1.prefab using Guid(8befb2cc88d87824db0a10db1f1da51f) Importer(815301076,1909f56bfc062723c751e8b465ee728b)  -> (artifact id: 'aa93b1b7cc4c281ce6699684fbab1dad') in 0.064273 seconds
  Import took 0.079276 seconds .

========================================================================
Received Import Request.
  Time since last request: 1.985429 seconds.
  path: Assets/Prefabs/Levels/Level2.prefab
  artifactKey: Guid(c69f3cf9d9da0a84d9f5162ff79d65b2) Importer(815301076,1909f56bfc062723c751e8b465ee728b)
Start importing Assets/Prefabs/Levels/Level2.prefab using Guid(c69f3cf9d9da0a84d9f5162ff79d65b2) Importer(815301076,1909f56bfc062723c751e8b465ee728b)  -> (artifact id: 'ae5cdfef2fdcf0cee8926ca1754704bf') in 0.019717 seconds
  Import took 0.029163 seconds .

========================================================================
Received Import Request.
  Time since last request: 0.020875 seconds.
  path: Assets/Prefabs/Levels/Level2.prefab
  artifactKey: Guid(c69f3cf9d9da0a84d9f5162ff79d65b2) Importer(815301076,1909f56bfc062723c751e8b465ee728b)
Start importing Assets/Prefabs/Levels/Level2.prefab using Guid(c69f3cf9d9da0a84d9f5162ff79d65b2) Importer(815301076,1909f56bfc062723c751e8b465ee728b)  -> (artifact id: 'ae5cdfef2fdcf0cee8926ca1754704bf') in 0.023439 seconds
  Import took 0.032802 seconds .

========================================================================
Received Prepare
Registering precompiled user dll's ...
Registered in 0.002528 seconds.
Begin MonoManager ReloadAssembly
Native extension for WindowsStandalone target not found
Refreshing native plugins compatible for Editor in 0.53 ms, found 0 plugins.
Preloading 0 native plugins for Editor in 0.00 ms.
Invoked RoslynAnalysisRunner static constructor.
RoslynAnalysisRunner will not be running.
RoslynAnalysisRunner has terminated.
Mono: successfully reloaded assembly
- Completed reload, in  1.856 seconds
Platform modules already initialized, skipping
Shader 'Universal Render Pipeline/Particles/Lit': fallback shader 'Universal Render Pipeline/Particles/SimpleLit' not found
Shader 'Universal Render Pipeline/Particles/Lit': fallback shader 'Universal Render Pipeline/Particles/SimpleLit' not found
Refreshing native plugins compatible for Editor in 1.21 ms, found 0 plugins.
Preloading 0 native plugins for Editor in 0.00 ms.
Unloading 2498 Unused Serialized files (Serialized files now loaded: 0)
System memory in use before: 120.0 MB.
System memory in use after: 117.9 MB.

Unloading 39 unused Assets to reduce memory usage. Loaded Objects now: 3055.
Total: 8.770600 ms (FindLiveObjects: 0.939300 ms CreateObjectMapping: 0.357500 ms MarkObjects: 4.549100 ms  DeleteObjects: 2.922400 ms)

========================================================================
Received Prepare
Registering precompiled user dll's ...
Registered in 0.002423 seconds.
Begin MonoManager ReloadAssembly
Native extension for WindowsStandalone target not found
Refreshing native plugins compatible for Editor in 0.64 ms, found 0 plugins.
Preloading 0 native plugins for Editor in 0.00 ms.
Invoked RoslynAnalysisRunner static constructor.
RoslynAnalysisRunner will not be running.
RoslynAnalysisRunner has terminated.
Mono: successfully reloaded assembly
- Completed reload, in  1.715 seconds
Platform modules already initialized, skipping
Shader 'Universal Render Pipeline/Particles/Lit': fallback shader 'Universal Render Pipeline/Particles/SimpleLit' not found
Shader 'Universal Render Pipeline/Particles/Lit': fallback shader 'Universal Render Pipeline/Particles/SimpleLit' not found
Refreshing native plugins compatible for Editor in 1.07 ms, found 0 plugins.
Preloading 0 native plugins for Editor in 0.00 ms.
Unloading 2498 Unused Serialized files (Serialized files now loaded: 0)
System memory in use before: 120.0 MB.
System memory in use after: 117.9 MB.

Unloading 39 unused Assets to reduce memory usage. Loaded Objects now: 3058.
Total: 13.090400 ms (FindLiveObjects: 1.408600 ms CreateObjectMapping: 0.506900 ms MarkObjects: 7.147000 ms  DeleteObjects: 4.023100 ms)

========================================================================
Received Import Request.
  Time since last request: 293.753251 seconds.
  path: Assets/Prefabs/GroundTypes/pfFinalGround.prefab
  artifactKey: Guid(fed2722de1717a646b45317a66e63364) Importer(815301076,1909f56bfc062723c751e8b465ee728b)
Start importing Assets/Prefabs/GroundTypes/pfFinalGround.prefab using Guid(fed2722de1717a646b45317a66e63364) Importer(815301076,1909f56bfc062723c751e8b465ee728b)  -> (artifact id: '645131ff77de979207247290bc9ea9d8') in 0.314162 seconds
  Import took 0.320559 seconds .

========================================================================
Received Prepare
Registering precompiled user dll's ...
Registered in 0.002538 seconds.
Begin MonoManager ReloadAssembly
Native extension for WindowsStandalone target not found
Refreshing native plugins compatible for Editor in 0.67 ms, found 0 plugins.
Preloading 0 native plugins for Editor in 0.00 ms.
Invoked RoslynAnalysisRunner static constructor.
RoslynAnalysisRunner will not be running.
RoslynAnalysisRunner has terminated.
Mono: successfully reloaded assembly
- Completed reload, in  1.600 seconds
Platform modules already initialized, skipping
Shader 'Universal Render Pipeline/Particles/Lit': fallback shader 'Universal Render Pipeline/Particles/SimpleLit' not found
Shader 'Universal Render Pipeline/Particles/Lit': fallback shader 'Universal Render Pipeline/Particles/SimpleLit' not found
Refreshing native plugins compatible for Editor in 2.19 ms, found 0 plugins.
Preloading 0 native plugins for Editor in 0.00 ms.
Unloading 2498 Unused Serialized files (Serialized files now loaded: 0)
System memory in use before: 120.1 MB.
System memory in use after: 117.9 MB.

Unloading 39 unused Assets to reduce memory usage. Loaded Objects now: 3097.
Total: 7.347200 ms (FindLiveObjects: 0.482200 ms CreateObjectMapping: 0.155300 ms MarkObjects: 4.603100 ms  DeleteObjects: 2.103900 ms)

========================================================================
Received Prepare
Registering precompiled user dll's ...
Registered in 0.002614 seconds.
Begin MonoManager ReloadAssembly
Native extension for WindowsStandalone target not found
Refreshing native plugins compatible for Editor in 1.92 ms, found 0 plugins.
Preloading 0 native plugins for Editor in 0.00 ms.
Invoked RoslynAnalysisRunner static constructor.
RoslynAnalysisRunner will not be running.
RoslynAnalysisRunner has terminated.
Mono: successfully reloaded assembly
- Completed reload, in  2.042 seconds
Platform modules already initialized, skipping
Shader 'Universal Render Pipeline/Particles/Lit': fallback shader 'Universal Render Pipeline/Particles/SimpleLit' not found
Shader 'Universal Render Pipeline/Particles/Lit': fallback shader 'Universal Render Pipeline/Particles/SimpleLit' not found
Refreshing native plugins compatible for Editor in 1.75 ms, found 0 plugins.
Preloading 0 native plugins for Editor in 0.00 ms.
Unloading 2498 Unused Serialized files (Serialized files now loaded: 0)
System memory in use before: 120.2 MB.
System memory in use after: 118.0 MB.

Unloading 39 unused Assets to reduce memory usage. Loaded Objects now: 3100.
Total: 6.186900 ms (FindLiveObjects: 0.514600 ms CreateObjectMapping: 0.350600 ms MarkObjects: 3.127200 ms  DeleteObjects: 2.192100 ms)

========================================================================
Received Prepare
Registering precompiled user dll's ...
Registered in 0.002177 seconds.
Begin MonoManager ReloadAssembly
Native extension for WindowsStandalone target not found
Refreshing native plugins compatible for Editor in 1.17 ms, found 0 plugins.
Preloading 0 native plugins for Editor in 0.00 ms.
Invoked RoslynAnalysisRunner static constructor.
RoslynAnalysisRunner will not be running.
RoslynAnalysisRunner has terminated.
Mono: successfully reloaded assembly
- Completed reload, in  1.579 seconds
Platform modules already initialized, skipping
Shader 'Universal Render Pipeline/Particles/Lit': fallback shader 'Universal Render Pipeline/Particles/SimpleLit' not found
Shader 'Universal Render Pipeline/Particles/Lit': fallback shader 'Universal Render Pipeline/Particles/SimpleLit' not found
Refreshing native plugins compatible for Editor in 1.02 ms, found 0 plugins.
Preloading 0 native plugins for Editor in 0.00 ms.
Unloading 2498 Unused Serialized files (Serialized files now loaded: 0)
System memory in use before: 120.3 MB.
System memory in use after: 118.0 MB.

Unloading 39 unused Assets to reduce memory usage. Loaded Objects now: 3103.
Total: 7.084300 ms (FindLiveObjects: 0.839700 ms CreateObjectMapping: 0.342000 ms MarkObjects: 3.789600 ms  DeleteObjects: 2.108900 ms)

========================================================================
Received Import Request.
  Time since last request: 248.975984 seconds.
  path: Assets/Prefabs/Levels/Level3.prefab
  artifactKey: Guid(59534e407543eb94ca675f41fe93c3e7) Importer(815301076,1909f56bfc062723c751e8b465ee728b)
Start importing Assets/Prefabs/Levels/Level3.prefab using Guid(59534e407543eb94ca675f41fe93c3e7) Importer(815301076,1909f56bfc062723c751e8b465ee728b)  -> (artifact id: 'e1e8dd76da63898d9b9f992361210eb6') in 0.326995 seconds
  Import took 0.336539 seconds .

========================================================================
Received Import Request.
  Time since last request: 40.254744 seconds.
  path: Assets/Prefabs/Levels/Level5.prefab
  artifactKey: Guid(d69b74bde07a4b342b2d24986440bb42) Importer(815301076,1909f56bfc062723c751e8b465ee728b)
Start importing Assets/Prefabs/Levels/Level5.prefab using Guid(d69b74bde07a4b342b2d24986440bb42) Importer(815301076,1909f56bfc062723c751e8b465ee728b)  -> (artifact id: '95c9c944b09c34aa3f011c1a6079f8b3') in 0.029934 seconds
  Import took 0.037503 seconds .

========================================================================
Received Prepare
Registering precompiled user dll's ...
Registered in 0.004041 seconds.
Begin MonoManager ReloadAssembly
Native extension for WindowsStandalone target not found
Refreshing native plugins compatible for Editor in 0.83 ms, found 0 plugins.
Preloading 0 native plugins for Editor in 0.00 ms.
Invoked RoslynAnalysisRunner static constructor.
RoslynAnalysisRunner will not be running.
RoslynAnalysisRunner has terminated.
Mono: successfully reloaded assembly
- Completed reload, in  1.688 seconds
Platform modules already initialized, skipping
Shader 'Universal Render Pipeline/Particles/Lit': fallback shader 'Universal Render Pipeline/Particles/SimpleLit' not found
Shader 'Universal Render Pipeline/Particles/Lit': fallback shader 'Universal Render Pipeline/Particles/SimpleLit' not found
Refreshing native plugins compatible for Editor in 0.95 ms, found 0 plugins.
Preloading 0 native plugins for Editor in 0.00 ms.
Unloading 2498 Unused Serialized files (Serialized files now loaded: 0)
System memory in use before: 120.4 MB.
System memory in use after: 118.2 MB.

Unloading 39 unused Assets to reduce memory usage. Loaded Objects now: 3142.
Total: 14.704700 ms (FindLiveObjects: 0.582600 ms CreateObjectMapping: 0.179500 ms MarkObjects: 10.389500 ms  DeleteObjects: 3.549200 ms)

========================================================================
Received Prepare
Registering precompiled user dll's ...
Registered in 0.004026 seconds.
Begin MonoManager ReloadAssembly
Native extension for WindowsStandalone target not found
Refreshing native plugins compatible for Editor in 1.14 ms, found 0 plugins.
Preloading 0 native plugins for Editor in 0.00 ms.
Invoked RoslynAnalysisRunner static constructor.
RoslynAnalysisRunner will not be running.
RoslynAnalysisRunner has terminated.
Mono: successfully reloaded assembly
- Completed reload, in  1.605 seconds
Platform modules already initialized, skipping
Shader 'Universal Render Pipeline/Particles/Lit': fallback shader 'Universal Render Pipeline/Particles/SimpleLit' not found
Shader 'Universal Render Pipeline/Particles/Lit': fallback shader 'Universal Render Pipeline/Particles/SimpleLit' not found
Refreshing native plugins compatible for Editor in 1.14 ms, found 0 plugins.
Preloading 0 native plugins for Editor in 0.00 ms.
Unloading 2498 Unused Serialized files (Serialized files now loaded: 0)
System memory in use before: 120.4 MB.
System memory in use after: 118.2 MB.

Unloading 39 unused Assets to reduce memory usage. Loaded Objects now: 3145.
Total: 8.755400 ms (FindLiveObjects: 0.496000 ms CreateObjectMapping: 0.336200 ms MarkObjects: 5.044900 ms  DeleteObjects: 2.875400 ms)

========================================================================
Received Prepare
Registering precompiled user dll's ...
Registered in 0.004850 seconds.
Begin MonoManager ReloadAssembly
Native extension for WindowsStandalone target not found
Refreshing native plugins compatible for Editor in 0.58 ms, found 0 plugins.
Preloading 0 native plugins for Editor in 0.00 ms.
Invoked RoslynAnalysisRunner static constructor.
RoslynAnalysisRunner will not be running.
RoslynAnalysisRunner has terminated.
Mono: successfully reloaded assembly
- Completed reload, in  1.731 seconds
Platform modules already initialized, skipping
Shader 'Universal Render Pipeline/Particles/Lit': fallback shader 'Universal Render Pipeline/Particles/SimpleLit' not found
Shader 'Universal Render Pipeline/Particles/Lit': fallback shader 'Universal Render Pipeline/Particles/SimpleLit' not found
Refreshing native plugins compatible for Editor in 1.01 ms, found 0 plugins.
Preloading 0 native plugins for Editor in 0.00 ms.
Unloading 2498 Unused Serialized files (Serialized files now loaded: 0)
System memory in use before: 120.3 MB.
System memory in use after: 118.1 MB.

Unloading 39 unused Assets to reduce memory usage. Loaded Objects now: 3148.
Total: 9.276700 ms (FindLiveObjects: 0.490300 ms CreateObjectMapping: 0.164200 ms MarkObjects: 5.190700 ms  DeleteObjects: 3.429300 ms)

========================================================================
Received Prepare
Registering precompiled user dll's ...
Registered in 0.002681 seconds.
Begin MonoManager ReloadAssembly
Native extension for WindowsStandalone target not found
Refreshing native plugins compatible for Editor in 0.60 ms, found 0 plugins.
Preloading 0 native plugins for Editor in 0.00 ms.
Invoked RoslynAnalysisRunner static constructor.
RoslynAnalysisRunner will not be running.
RoslynAnalysisRunner has terminated.
Mono: successfully reloaded assembly
- Completed reload, in  1.485 seconds
Platform modules already initialized, skipping
Shader 'Universal Render Pipeline/Particles/Lit': fallback shader 'Universal Render Pipeline/Particles/SimpleLit' not found
Shader 'Universal Render Pipeline/Particles/Lit': fallback shader 'Universal Render Pipeline/Particles/SimpleLit' not found
Refreshing native plugins compatible for Editor in 0.85 ms, found 0 plugins.
Preloading 0 native plugins for Editor in 0.00 ms.
Unloading 2498 Unused Serialized files (Serialized files now loaded: 0)
System memory in use before: 120.3 MB.
System memory in use after: 118.2 MB.

Unloading 39 unused Assets to reduce memory usage. Loaded Objects now: 3151.
Total: 13.128200 ms (FindLiveObjects: 0.630800 ms CreateObjectMapping: 0.228000 ms MarkObjects: 10.206900 ms  DeleteObjects: 2.058700 ms)

========================================================================
Received Prepare
Registering precompiled user dll's ...
Registered in 0.002634 seconds.
Begin MonoManager ReloadAssembly
Native extension for WindowsStandalone target not found
Refreshing native plugins compatible for Editor in 0.55 ms, found 0 plugins.
Preloading 0 native plugins for Editor in 0.00 ms.
Invoked RoslynAnalysisRunner static constructor.
RoslynAnalysisRunner will not be running.
RoslynAnalysisRunner has terminated.
Mono: successfully reloaded assembly
- Completed reload, in  1.369 seconds
Platform modules already initialized, skipping
Shader 'Universal Render Pipeline/Particles/Lit': fallback shader 'Universal Render Pipeline/Particles/SimpleLit' not found
Shader 'Universal Render Pipeline/Particles/Lit': fallback shader 'Universal Render Pipeline/Particles/SimpleLit' not found
Refreshing native plugins compatible for Editor in 1.09 ms, found 0 plugins.
Preloading 0 native plugins for Editor in 0.00 ms.
Unloading 2498 Unused Serialized files (Serialized files now loaded: 0)
System memory in use before: 120.4 MB.
System memory in use after: 118.2 MB.

Unloading 39 unused Assets to reduce memory usage. Loaded Objects now: 3154.
Total: 14.791200 ms (FindLiveObjects: 1.042600 ms CreateObjectMapping: 0.470200 ms MarkObjects: 9.267500 ms  DeleteObjects: 4.006500 ms)

========================================================================
Received Import Request.
  Time since last request: 469.517751 seconds.
  path: Assets/Prefabs/Levels/Level3.prefab
  artifactKey: Guid(59534e407543eb94ca675f41fe93c3e7) Importer(815301076,1909f56bfc062723c751e8b465ee728b)
Start importing Assets/Prefabs/Levels/Level3.prefab using Guid(59534e407543eb94ca675f41fe93c3e7) Importer(815301076,1909f56bfc062723c751e8b465ee728b)  -> (artifact id: 'e356c67986db789b49e5575dd2f2f915') in 0.269690 seconds
  Import took 0.278648 seconds .

========================================================================
Received Prepare
Registering precompiled user dll's ...
Registered in 0.002293 seconds.
Begin MonoManager ReloadAssembly
Native extension for WindowsStandalone target not found
Refreshing native plugins compatible for Editor in 0.55 ms, found 0 plugins.
Preloading 0 native plugins for Editor in 0.00 ms.
Invoked RoslynAnalysisRunner static constructor.
RoslynAnalysisRunner will not be running.
RoslynAnalysisRunner has terminated.
Mono: successfully reloaded assembly
- Completed reload, in  1.329 seconds
Platform modules already initialized, skipping
Shader 'Universal Render Pipeline/Particles/Lit': fallback shader 'Universal Render Pipeline/Particles/SimpleLit' not found
Shader 'Universal Render Pipeline/Particles/Lit': fallback shader 'Universal Render Pipeline/Particles/SimpleLit' not found
Refreshing native plugins compatible for Editor in 0.93 ms, found 0 plugins.
Preloading 0 native plugins for Editor in 0.00 ms.
Unloading 2498 Unused Serialized files (Serialized files now loaded: 0)
System memory in use before: 120.6 MB.
System memory in use after: 118.4 MB.

Unloading 39 unused Assets to reduce memory usage. Loaded Objects now: 3193.
Total: 7.304300 ms (FindLiveObjects: 0.542500 ms CreateObjectMapping: 0.497400 ms MarkObjects: 3.445000 ms  DeleteObjects: 2.816800 ms)

========================================================================
Received Import Request.
  Time since last request: 273.230391 seconds.
  path: Assets/Prefabs/Levels/Level3.prefab
  artifactKey: Guid(59534e407543eb94ca675f41fe93c3e7) Importer(815301076,1909f56bfc062723c751e8b465ee728b)
Start importing Assets/Prefabs/Levels/Level3.prefab using Guid(59534e407543eb94ca675f41fe93c3e7) Importer(815301076,1909f56bfc062723c751e8b465ee728b)  -> (artifact id: '9c7b89da8d9d69ecc238804891a4967b') in 0.329635 seconds
  Import took 0.340521 seconds .

========================================================================
Received Prepare
Registering precompiled user dll's ...
Registered in 0.002770 seconds.
Begin MonoManager ReloadAssembly
Native extension for WindowsStandalone target not found
Refreshing native plugins compatible for Editor in 0.54 ms, found 0 plugins.
Preloading 0 native plugins for Editor in 0.00 ms.
Invoked RoslynAnalysisRunner static constructor.
RoslynAnalysisRunner will not be running.
RoslynAnalysisRunner has terminated.
Mono: successfully reloaded assembly
- Completed reload, in  1.706 seconds
Platform modules already initialized, skipping
Shader 'Universal Render Pipeline/Particles/Lit': fallback shader 'Universal Render Pipeline/Particles/SimpleLit' not found
Shader 'Universal Render Pipeline/Particles/Lit': fallback shader 'Universal Render Pipeline/Particles/SimpleLit' not found
Refreshing native plugins compatible for Editor in 0.73 ms, found 0 plugins.
Preloading 0 native plugins for Editor in 0.00 ms.
Unloading 2498 Unused Serialized files (Serialized files now loaded: 0)
System memory in use before: 120.7 MB.
System memory in use after: 118.6 MB.

Unloading 39 unused Assets to reduce memory usage. Loaded Objects now: 3232.
Total: 8.154500 ms (FindLiveObjects: 0.459200 ms CreateObjectMapping: 0.159000 ms MarkObjects: 3.155000 ms  DeleteObjects: 4.378200 ms)

========================================================================
Received Prepare
Registering precompiled user dll's ...
Registered in 0.003412 seconds.
Begin MonoManager ReloadAssembly
Native extension for WindowsStandalone target not found
Refreshing native plugins compatible for Editor in 0.84 ms, found 0 plugins.
Preloading 0 native plugins for Editor in 0.00 ms.
Invoked RoslynAnalysisRunner static constructor.
RoslynAnalysisRunner will not be running.
RoslynAnalysisRunner has terminated.
Mono: successfully reloaded assembly
- Completed reload, in  1.762 seconds
Platform modules already initialized, skipping
Shader 'Universal Render Pipeline/Particles/Lit': fallback shader 'Universal Render Pipeline/Particles/SimpleLit' not found
Shader 'Universal Render Pipeline/Particles/Lit': fallback shader 'Universal Render Pipeline/Particles/SimpleLit' not found
Refreshing native plugins compatible for Editor in 2.88 ms, found 0 plugins.
Preloading 0 native plugins for Editor in 0.00 ms.
Unloading 2498 Unused Serialized files (Serialized files now loaded: 0)
System memory in use before: 120.6 MB.
System memory in use after: 118.5 MB.

Unloading 39 unused Assets to reduce memory usage. Loaded Objects now: 3235.
Total: 13.150000 ms (FindLiveObjects: 0.798800 ms CreateObjectMapping: 0.496000 ms MarkObjects: 6.245900 ms  DeleteObjects: 5.606700 ms)

========================================================================
Received Import Request.
  Time since last request: 170.804761 seconds.
  path: Assets/Prefabs/Levels/Level4.prefab
  artifactKey: Guid(79ea09611cd0b364aa56fd17bd92ee92) Importer(815301076,1909f56bfc062723c751e8b465ee728b)
Start importing Assets/Prefabs/Levels/Level4.prefab using Guid(79ea09611cd0b364aa56fd17bd92ee92) Importer(815301076,1909f56bfc062723c751e8b465ee728b)  -> (artifact id: '05856c18e5fca8b0207d325e0a69ca56') in 0.272695 seconds
  Import took 0.283219 seconds .

========================================================================
Received Import Request.
  Time since last request: 0.430950 seconds.
  path: Assets/Prefabs/Levels/Level5.prefab
  artifactKey: Guid(d69b74bde07a4b342b2d24986440bb42) Importer(815301076,1909f56bfc062723c751e8b465ee728b)
Start importing Assets/Prefabs/Levels/Level5.prefab using Guid(d69b74bde07a4b342b2d24986440bb42) Importer(815301076,1909f56bfc062723c751e8b465ee728b)  -> (artifact id: '30b5c356277c69abfb73a11b8d82bf52') in 0.029142 seconds
  Import took 0.036145 seconds .

========================================================================
Received Import Request.
  Time since last request: 0.013940 seconds.
  path: Assets/Prefabs/Levels/Level5.prefab
  artifactKey: Guid(d69b74bde07a4b342b2d24986440bb42) Importer(815301076,1909f56bfc062723c751e8b465ee728b)
Start importing Assets/Prefabs/Levels/Level5.prefab using Guid(d69b74bde07a4b342b2d24986440bb42) Importer(815301076,1909f56bfc062723c751e8b465ee728b)  -> (artifact id: '30b5c356277c69abfb73a11b8d82bf52') in 0.029342 seconds
  Import took 0.036124 seconds .

========================================================================
Received Prepare
Registering precompiled user dll's ...
Registered in 0.001930 seconds.
Begin MonoManager ReloadAssembly
Native extension for WindowsStandalone target not found
Refreshing native plugins compatible for Editor in 3.06 ms, found 0 plugins.
Preloading 0 native plugins for Editor in 0.00 ms.
Invoked RoslynAnalysisRunner static constructor.
RoslynAnalysisRunner will not be running.
RoslynAnalysisRunner has terminated.
Mono: successfully reloaded assembly
- Completed reload, in  1.875 seconds
Platform modules already initialized, skipping
Shader 'Universal Render Pipeline/Particles/Lit': fallback shader 'Universal Render Pipeline/Particles/SimpleLit' not found
Shader 'Universal Render Pipeline/Particles/Lit': fallback shader 'Universal Render Pipeline/Particles/SimpleLit' not found
Refreshing native plugins compatible for Editor in 1.12 ms, found 0 plugins.
Preloading 0 native plugins for Editor in 0.00 ms.
Unloading 2498 Unused Serialized files (Serialized files now loaded: 0)
System memory in use before: 120.8 MB.
System memory in use after: 118.7 MB.

Unloading 39 unused Assets to reduce memory usage. Loaded Objects now: 3274.
Total: 14.462400 ms (FindLiveObjects: 0.609500 ms CreateObjectMapping: 0.454000 ms MarkObjects: 8.357100 ms  DeleteObjects: 5.038400 ms)

========================================================================
Received Import Request.
  Time since last request: 177.592343 seconds.
  path: Assets/Scripts/Behavioural/Cube.cs
  artifactKey: Guid(889e66c200e1ce242a8d1c64c37c0c1c) Importer(815301076,1909f56bfc062723c751e8b465ee728b)
Start importing Assets/Scripts/Behavioural/Cube.cs using Guid(889e66c200e1ce242a8d1c64c37c0c1c) Importer(815301076,1909f56bfc062723c751e8b465ee728b)  -> (artifact id: '804bd4f236ee1b18761bf5026840a223') in 0.031859 seconds
  Import took 0.041726 seconds .

========================================================================
Received Prepare
Registering precompiled user dll's ...
Registered in 0.003644 seconds.
Begin MonoManager ReloadAssembly
Native extension for WindowsStandalone target not found
Refreshing native plugins compatible for Editor in 0.55 ms, found 0 plugins.
Preloading 0 native plugins for Editor in 0.00 ms.
Invoked RoslynAnalysisRunner static constructor.
RoslynAnalysisRunner will not be running.
RoslynAnalysisRunner has terminated.
Mono: successfully reloaded assembly
- Completed reload, in  1.518 seconds
Platform modules already initialized, skipping
Shader 'Universal Render Pipeline/Particles/Lit': fallback shader 'Universal Render Pipeline/Particles/SimpleLit' not found
Shader 'Universal Render Pipeline/Particles/Lit': fallback shader 'Universal Render Pipeline/Particles/SimpleLit' not found
Refreshing native plugins compatible for Editor in 1.17 ms, found 0 plugins.
Preloading 0 native plugins for Editor in 0.00 ms.
Unloading 2498 Unused Serialized files (Serialized files now loaded: 0)
System memory in use before: 120.9 MB.
System memory in use after: 118.7 MB.

Unloading 39 unused Assets to reduce memory usage. Loaded Objects now: 3277.
Total: 11.783500 ms (FindLiveObjects: 0.665300 ms CreateObjectMapping: 0.276300 ms MarkObjects: 7.367000 ms  DeleteObjects: 3.472200 ms)

========================================================================
Received Prepare
Registering precompiled user dll's ...
Registered in 0.002209 seconds.
Begin MonoManager ReloadAssembly
Native extension for WindowsStandalone target not found
Refreshing native plugins compatible for Editor in 0.58 ms, found 0 plugins.
Preloading 0 native plugins for Editor in 0.00 ms.
Invoked RoslynAnalysisRunner static constructor.
RoslynAnalysisRunner will not be running.
RoslynAnalysisRunner has terminated.
Mono: successfully reloaded assembly
- Completed reload, in  1.544 seconds
Platform modules already initialized, skipping
Shader 'Universal Render Pipeline/Particles/Lit': fallback shader 'Universal Render Pipeline/Particles/SimpleLit' not found
Shader 'Universal Render Pipeline/Particles/Lit': fallback shader 'Universal Render Pipeline/Particles/SimpleLit' not found
Refreshing native plugins compatible for Editor in 0.93 ms, found 0 plugins.
Preloading 0 native plugins for Editor in 0.00 ms.
Unloading 2498 Unused Serialized files (Serialized files now loaded: 0)
System memory in use before: 120.9 MB.
System memory in use after: 118.7 MB.

Unloading 39 unused Assets to reduce memory usage. Loaded Objects now: 3280.
Total: 10.450600 ms (FindLiveObjects: 0.734900 ms CreateObjectMapping: 0.418900 ms MarkObjects: 5.466100 ms  DeleteObjects: 3.827900 ms)

========================================================================
Received Prepare
Registering precompiled user dll's ...
Registered in 0.002462 seconds.
Begin MonoManager ReloadAssembly
Native extension for WindowsStandalone target not found
Refreshing native plugins compatible for Editor in 0.67 ms, found 0 plugins.
Preloading 0 native plugins for Editor in 0.00 ms.
Invoked RoslynAnalysisRunner static constructor.
RoslynAnalysisRunner will not be running.
RoslynAnalysisRunner has terminated.
Mono: successfully reloaded assembly
- Completed reload, in  1.468 seconds
Platform modules already initialized, skipping
Shader 'Universal Render Pipeline/Particles/Lit': fallback shader 'Universal Render Pipeline/Particles/SimpleLit' not found
Shader 'Universal Render Pipeline/Particles/Lit': fallback shader 'Universal Render Pipeline/Particles/SimpleLit' not found
Refreshing native plugins compatible for Editor in 1.13 ms, found 0 plugins.
Preloading 0 native plugins for Editor in 0.00 ms.
Unloading 2498 Unused Serialized files (Serialized files now loaded: 0)
System memory in use before: 120.9 MB.
System memory in use after: 118.7 MB.

Unloading 39 unused Assets to reduce memory usage. Loaded Objects now: 3283.
Total: 11.493800 ms (FindLiveObjects: 0.591200 ms CreateObjectMapping: 0.184600 ms MarkObjects: 7.185700 ms  DeleteObjects: 3.528800 ms)

========================================================================
Received Prepare
Registering precompiled user dll's ...
Registered in 0.002108 seconds.
Begin MonoManager ReloadAssembly
Native extension for WindowsStandalone target not found
Refreshing native plugins compatible for Editor in 0.61 ms, found 0 plugins.
Preloading 0 native plugins for Editor in 0.00 ms.
Invoked RoslynAnalysisRunner static constructor.
RoslynAnalysisRunner will not be running.
RoslynAnalysisRunner has terminated.
Mono: successfully reloaded assembly
- Completed reload, in  1.536 seconds
Platform modules already initialized, skipping
Shader 'Universal Render Pipeline/Particles/Lit': fallback shader 'Universal Render Pipeline/Particles/SimpleLit' not found
Shader 'Universal Render Pipeline/Particles/Lit': fallback shader 'Universal Render Pipeline/Particles/SimpleLit' not found
Refreshing native plugins compatible for Editor in 0.66 ms, found 0 plugins.
Preloading 0 native plugins for Editor in 0.00 ms.
Unloading 2498 Unused Serialized files (Serialized files now loaded: 0)
System memory in use before: 120.8 MB.
System memory in use after: 118.6 MB.

Unloading 39 unused Assets to reduce memory usage. Loaded Objects now: 3286.
Total: 6.211100 ms (FindLiveObjects: 0.548900 ms CreateObjectMapping: 0.231900 ms MarkObjects: 3.162500 ms  DeleteObjects: 2.265400 ms)

========================================================================
Received Prepare
Registering precompiled user dll's ...
Registered in 0.002483 seconds.
Begin MonoManager ReloadAssembly
Native extension for WindowsStandalone target not found
Refreshing native plugins compatible for Editor in 0.92 ms, found 0 plugins.
Preloading 0 native plugins for Editor in 0.00 ms.
Invoked RoslynAnalysisRunner static constructor.
RoslynAnalysisRunner will not be running.
RoslynAnalysisRunner has terminated.
Mono: successfully reloaded assembly
- Completed reload, in  1.661 seconds
Platform modules already initialized, skipping
Shader 'Universal Render Pipeline/Particles/Lit': fallback shader 'Universal Render Pipeline/Particles/SimpleLit' not found
Shader 'Universal Render Pipeline/Particles/Lit': fallback shader 'Universal Render Pipeline/Particles/SimpleLit' not found
Refreshing native plugins compatible for Editor in 1.10 ms, found 0 plugins.
Preloading 0 native plugins for Editor in 0.00 ms.
Unloading 2498 Unused Serialized files (Serialized files now loaded: 0)
System memory in use before: 120.9 MB.
System memory in use after: 118.7 MB.

Unloading 39 unused Assets to reduce memory usage. Loaded Objects now: 3289.
Total: 12.680300 ms (FindLiveObjects: 0.838400 ms CreateObjectMapping: 0.427600 ms MarkObjects: 8.140600 ms  DeleteObjects: 3.271200 ms)

========================================================================
Received Import Request.
  Time since last request: 345.852852 seconds.
  path: Assets/Prefabs/Levels/Level2.prefab
  artifactKey: Guid(c69f3cf9d9da0a84d9f5162ff79d65b2) Importer(815301076,1909f56bfc062723c751e8b465ee728b)
Start importing Assets/Prefabs/Levels/Level2.prefab using Guid(c69f3cf9d9da0a84d9f5162ff79d65b2) Importer(815301076,1909f56bfc062723c751e8b465ee728b)  -> (artifact id: 'b673a0792b187ae08fc0f84985e62ffb') in 0.353013 seconds
  Import took 0.360762 seconds .

========================================================================
Received Prepare
Registering precompiled user dll's ...
Registered in 0.006060 seconds.
Begin MonoManager ReloadAssembly
Native extension for WindowsStandalone target not found
Refreshing native plugins compatible for Editor in 0.93 ms, found 0 plugins.
Preloading 0 native plugins for Editor in 0.00 ms.
Invoked RoslynAnalysisRunner static constructor.
RoslynAnalysisRunner will not be running.
RoslynAnalysisRunner has terminated.
Mono: successfully reloaded assembly
- Completed reload, in  1.616 seconds
Platform modules already initialized, skipping
Shader 'Universal Render Pipeline/Particles/Lit': fallback shader 'Universal Render Pipeline/Particles/SimpleLit' not found
Shader 'Universal Render Pipeline/Particles/Lit': fallback shader 'Universal Render Pipeline/Particles/SimpleLit' not found
Refreshing native plugins compatible for Editor in 0.61 ms, found 0 plugins.
Preloading 0 native plugins for Editor in 0.00 ms.
Unloading 2498 Unused Serialized files (Serialized files now loaded: 0)
System memory in use before: 121.0 MB.
System memory in use after: 118.9 MB.

Unloading 39 unused Assets to reduce memory usage. Loaded Objects now: 3328.
Total: 12.906500 ms (FindLiveObjects: 0.656900 ms CreateObjectMapping: 0.229900 ms MarkObjects: 8.472400 ms  DeleteObjects: 3.543300 ms)

========================================================================
Received Prepare
Registering precompiled user dll's ...
Registered in 0.002289 seconds.
Begin MonoManager ReloadAssembly
Native extension for WindowsStandalone target not found
Refreshing native plugins compatible for Editor in 0.61 ms, found 0 plugins.
Preloading 0 native plugins for Editor in 0.00 ms.
Invoked RoslynAnalysisRunner static constructor.
RoslynAnalysisRunner will not be running.
RoslynAnalysisRunner has terminated.
Mono: successfully reloaded assembly
- Completed reload, in  1.768 seconds
Platform modules already initialized, skipping
Shader 'Universal Render Pipeline/Particles/Lit': fallback shader 'Universal Render Pipeline/Particles/SimpleLit' not found
Shader 'Universal Render Pipeline/Particles/Lit': fallback shader 'Universal Render Pipeline/Particles/SimpleLit' not found
Refreshing native plugins compatible for Editor in 1.01 ms, found 0 plugins.
Preloading 0 native plugins for Editor in 0.00 ms.
Unloading 2498 Unused Serialized files (Serialized files now loaded: 0)
System memory in use before: 121.0 MB.
System memory in use after: 118.9 MB.

Unloading 39 unused Assets to reduce memory usage. Loaded Objects now: 3331.
Total: 6.383900 ms (FindLiveObjects: 0.724000 ms CreateObjectMapping: 0.259000 ms MarkObjects: 3.312700 ms  DeleteObjects: 2.086600 ms)

========================================================================
Received Prepare
Registering precompiled user dll's ...
Registered in 0.002034 seconds.
Begin MonoManager ReloadAssembly
Native extension for WindowsStandalone target not found
Refreshing native plugins compatible for Editor in 0.51 ms, found 0 plugins.
Preloading 0 native plugins for Editor in 0.00 ms.
Invoked RoslynAnalysisRunner static constructor.
RoslynAnalysisRunner will not be running.
RoslynAnalysisRunner has terminated.
Mono: successfully reloaded assembly
- Completed reload, in  1.565 seconds
Platform modules already initialized, skipping
Shader 'Universal Render Pipeline/Particles/Lit': fallback shader 'Universal Render Pipeline/Particles/SimpleLit' not found
Shader 'Universal Render Pipeline/Particles/Lit': fallback shader 'Universal Render Pipeline/Particles/SimpleLit' not found
Refreshing native plugins compatible for Editor in 0.74 ms, found 0 plugins.
Preloading 0 native plugins for Editor in 0.00 ms.
Unloading 2498 Unused Serialized files (Serialized files now loaded: 0)
System memory in use before: 121.0 MB.
System memory in use after: 118.9 MB.

Unloading 39 unused Assets to reduce memory usage. Loaded Objects now: 3334.
Total: 10.693200 ms (FindLiveObjects: 0.578200 ms CreateObjectMapping: 0.178500 ms MarkObjects: 7.069100 ms  DeleteObjects: 2.864900 ms)

========================================================================
Received Prepare
Registering precompiled user dll's ...
Registered in 0.003230 seconds.
Begin MonoManager ReloadAssembly
Native extension for WindowsStandalone target not found
Refreshing native plugins compatible for Editor in 0.70 ms, found 0 plugins.
Preloading 0 native plugins for Editor in 0.00 ms.
Invoked RoslynAnalysisRunner static constructor.
RoslynAnalysisRunner will not be running.
RoslynAnalysisRunner has terminated.
Mono: successfully reloaded assembly
- Completed reload, in  1.739 seconds
Platform modules already initialized, skipping
Shader 'Universal Render Pipeline/Particles/Lit': fallback shader 'Universal Render Pipeline/Particles/SimpleLit' not found
Shader 'Universal Render Pipeline/Particles/Lit': fallback shader 'Universal Render Pipeline/Particles/SimpleLit' not found
Refreshing native plugins compatible for Editor in 0.92 ms, found 0 plugins.
Preloading 0 native plugins for Editor in 0.00 ms.
Unloading 2498 Unused Serialized files (Serialized files now loaded: 0)
System memory in use before: 121.0 MB.
System memory in use after: 118.8 MB.

Unloading 39 unused Assets to reduce memory usage. Loaded Objects now: 3337.
Total: 6.465000 ms (FindLiveObjects: 0.904200 ms CreateObjectMapping: 0.371900 ms MarkObjects: 3.125900 ms  DeleteObjects: 2.055900 ms)

========================================================================
Received Prepare
Registering precompiled user dll's ...
Registered in 0.003315 seconds.
Begin MonoManager ReloadAssembly
Native extension for WindowsStandalone target not found
Refreshing native plugins compatible for Editor in 2.11 ms, found 0 plugins.
Preloading 0 native plugins for Editor in 0.00 ms.
Invoked RoslynAnalysisRunner static constructor.
RoslynAnalysisRunner will not be running.
RoslynAnalysisRunner has terminated.
Mono: successfully reloaded assembly
- Completed reload, in  1.966 seconds
Platform modules already initialized, skipping
Shader 'Universal Render Pipeline/Particles/Lit': fallback shader 'Universal Render Pipeline/Particles/SimpleLit' not found
Shader 'Universal Render Pipeline/Particles/Lit': fallback shader 'Universal Render Pipeline/Particles/SimpleLit' not found
Refreshing native plugins compatible for Editor in 1.19 ms, found 0 plugins.
Preloading 0 native plugins for Editor in 0.00 ms.
Unloading 2498 Unused Serialized files (Serialized files now loaded: 0)
System memory in use before: 121.0 MB.
System memory in use after: 118.9 MB.

Unloading 39 unused Assets to reduce memory usage. Loaded Objects now: 3340.
Total: 9.653100 ms (FindLiveObjects: 0.816500 ms CreateObjectMapping: 0.419000 ms MarkObjects: 5.232500 ms  DeleteObjects: 3.182500 ms)

========================================================================
Received Import Request.
  Time since last request: 263.544614 seconds.
  path: Assets/Prefabs/Levels/Level3.prefab
  artifactKey: Guid(59534e407543eb94ca675f41fe93c3e7) Importer(815301076,1909f56bfc062723c751e8b465ee728b)
Start importing Assets/Prefabs/Levels/Level3.prefab using Guid(59534e407543eb94ca675f41fe93c3e7) Importer(815301076,1909f56bfc062723c751e8b465ee728b)  -> (artifact id: '13508569b03c618584e369a1b5079a93') in 0.291845 seconds
  Import took 0.301713 seconds .

========================================================================
Received Prepare
Registering precompiled user dll's ...
Registered in 0.002633 seconds.
Begin MonoManager ReloadAssembly
Native extension for WindowsStandalone target not found
Refreshing native plugins compatible for Editor in 0.60 ms, found 0 plugins.
Preloading 0 native plugins for Editor in 0.00 ms.
Invoked RoslynAnalysisRunner static constructor.
RoslynAnalysisRunner will not be running.
RoslynAnalysisRunner has terminated.
Mono: successfully reloaded assembly
- Completed reload, in  2.023 seconds
Platform modules already initialized, skipping
Shader 'Universal Render Pipeline/Particles/Lit': fallback shader 'Universal Render Pipeline/Particles/SimpleLit' not found
Shader 'Universal Render Pipeline/Particles/Lit': fallback shader 'Universal Render Pipeline/Particles/SimpleLit' not found
Refreshing native plugins compatible for Editor in 0.89 ms, found 0 plugins.
Preloading 0 native plugins for Editor in 0.00 ms.
Unloading 2498 Unused Serialized files (Serialized files now loaded: 0)
System memory in use before: 121.2 MB.
System memory in use after: 119.0 MB.

Unloading 39 unused Assets to reduce memory usage. Loaded Objects now: 3379.
Total: 15.047800 ms (FindLiveObjects: 0.847700 ms CreateObjectMapping: 0.447800 ms MarkObjects: 10.155500 ms  DeleteObjects: 3.593900 ms)

========================================================================
Received Prepare
Registering precompiled user dll's ...
Registered in 0.002243 seconds.
Begin MonoManager ReloadAssembly
Native extension for WindowsStandalone target not found
Refreshing native plugins compatible for Editor in 0.50 ms, found 0 plugins.
Preloading 0 native plugins for Editor in 0.00 ms.
Invoked RoslynAnalysisRunner static constructor.
RoslynAnalysisRunner will not be running.
RoslynAnalysisRunner has terminated.
Mono: successfully reloaded assembly
- Completed reload, in  1.428 seconds
Platform modules already initialized, skipping
Shader 'Universal Render Pipeline/Particles/Lit': fallback shader 'Universal Render Pipeline/Particles/SimpleLit' not found
Shader 'Universal Render Pipeline/Particles/Lit': fallback shader 'Universal Render Pipeline/Particles/SimpleLit' not found
Refreshing native plugins compatible for Editor in 1.05 ms, found 0 plugins.
Preloading 0 native plugins for Editor in 0.00 ms.
Unloading 2498 Unused Serialized files (Serialized files now loaded: 0)
System memory in use before: 121.1 MB.
System memory in use after: 119.0 MB.

Unloading 39 unused Assets to reduce memory usage. Loaded Objects now: 3382.
Total: 8.987400 ms (FindLiveObjects: 0.712600 ms CreateObjectMapping: 0.219400 ms MarkObjects: 5.199300 ms  DeleteObjects: 2.853400 ms)

========================================================================
Received Prepare
Registering precompiled user dll's ...
Registered in 0.001996 seconds.
Begin MonoManager ReloadAssembly
Native extension for WindowsStandalone target not found
Refreshing native plugins compatible for Editor in 0.50 ms, found 0 plugins.
Preloading 0 native plugins for Editor in 0.00 ms.
Invoked RoslynAnalysisRunner static constructor.
RoslynAnalysisRunner will not be running.
RoslynAnalysisRunner has terminated.
Mono: successfully reloaded assembly
- Completed reload, in  1.310 seconds
Platform modules already initialized, skipping
Shader 'Universal Render Pipeline/Particles/Lit': fallback shader 'Universal Render Pipeline/Particles/SimpleLit' not found
Shader 'Universal Render Pipeline/Particles/Lit': fallback shader 'Universal Render Pipeline/Particles/SimpleLit' not found
Refreshing native plugins compatible for Editor in 0.56 ms, found 0 plugins.
Preloading 0 native plugins for Editor in 0.00 ms.
Unloading 2498 Unused Serialized files (Serialized files now loaded: 0)
System memory in use before: 121.2 MB.
System memory in use after: 119.0 MB.

Unloading 39 unused Assets to reduce memory usage. Loaded Objects now: 3385.
Total: 6.996900 ms (FindLiveObjects: 0.844500 ms CreateObjectMapping: 0.400500 ms MarkObjects: 3.597700 ms  DeleteObjects: 2.150000 ms)

========================================================================
Received Prepare
Registering precompiled user dll's ...
Registered in 0.002043 seconds.
Begin MonoManager ReloadAssembly
Native extension for WindowsStandalone target not found
Refreshing native plugins compatible for Editor in 0.60 ms, found 0 plugins.
Preloading 0 native plugins for Editor in 0.00 ms.
Invoked RoslynAnalysisRunner static constructor.
RoslynAnalysisRunner will not be running.
RoslynAnalysisRunner has terminated.
Mono: successfully reloaded assembly
- Completed reload, in  1.519 seconds
Platform modules already initialized, skipping
Shader 'Universal Render Pipeline/Particles/Lit': fallback shader 'Universal Render Pipeline/Particles/SimpleLit' not found
Shader 'Universal Render Pipeline/Particles/Lit': fallback shader 'Universal Render Pipeline/Particles/SimpleLit' not found
Refreshing native plugins compatible for Editor in 0.58 ms, found 0 plugins.
Preloading 0 native plugins for Editor in 0.00 ms.
Unloading 2498 Unused Serialized files (Serialized files now loaded: 0)
System memory in use before: 121.1 MB.
System memory in use after: 118.9 MB.

Unloading 39 unused Assets to reduce memory usage. Loaded Objects now: 3388.
Total: 8.487700 ms (FindLiveObjects: 0.707900 ms CreateObjectMapping: 0.201900 ms MarkObjects: 4.591400 ms  DeleteObjects: 2.984900 ms)

========================================================================
Received Prepare
Registering precompiled user dll's ...
Registered in 0.002097 seconds.
Begin MonoManager ReloadAssembly
Native extension for WindowsStandalone target not found
Refreshing native plugins compatible for Editor in 0.51 ms, found 0 plugins.
Preloading 0 native plugins for Editor in 0.00 ms.
Invoked RoslynAnalysisRunner static constructor.
RoslynAnalysisRunner will not be running.
RoslynAnalysisRunner has terminated.
Mono: successfully reloaded assembly
- Completed reload, in  1.516 seconds
Platform modules already initialized, skipping
Shader 'Universal Render Pipeline/Particles/Lit': fallback shader 'Universal Render Pipeline/Particles/SimpleLit' not found
Shader 'Universal Render Pipeline/Particles/Lit': fallback shader 'Universal Render Pipeline/Particles/SimpleLit' not found
Refreshing native plugins compatible for Editor in 1.29 ms, found 0 plugins.
Preloading 0 native plugins for Editor in 0.00 ms.
Unloading 2498 Unused Serialized files (Serialized files now loaded: 0)
System memory in use before: 121.2 MB.
System memory in use after: 119.0 MB.

Unloading 39 unused Assets to reduce memory usage. Loaded Objects now: 3391.
Total: 12.944000 ms (FindLiveObjects: 0.926500 ms CreateObjectMapping: 0.415600 ms MarkObjects: 5.636400 ms  DeleteObjects: 5.961800 ms)

========================================================================
Received Prepare
Registering precompiled user dll's ...
Registered in 0.003032 seconds.
Begin MonoManager ReloadAssembly
Native extension for WindowsStandalone target not found
Refreshing native plugins compatible for Editor in 0.62 ms, found 0 plugins.
Preloading 0 native plugins for Editor in 0.00 ms.
Invoked RoslynAnalysisRunner static constructor.
RoslynAnalysisRunner will not be running.
RoslynAnalysisRunner has terminated.
Mono: successfully reloaded assembly
- Completed reload, in  1.476 seconds
Platform modules already initialized, skipping
Shader 'Universal Render Pipeline/Particles/Lit': fallback shader 'Universal Render Pipeline/Particles/SimpleLit' not found
Shader 'Universal Render Pipeline/Particles/Lit': fallback shader 'Universal Render Pipeline/Particles/SimpleLit' not found
Refreshing native plugins compatible for Editor in 0.90 ms, found 0 plugins.
Preloading 0 native plugins for Editor in 0.00 ms.
Unloading 2498 Unused Serialized files (Serialized files now loaded: 0)
System memory in use before: 121.2 MB.
System memory in use after: 119.0 MB.

Unloading 39 unused Assets to reduce memory usage. Loaded Objects now: 3394.
Total: 6.865800 ms (FindLiveObjects: 0.588200 ms CreateObjectMapping: 0.207400 ms MarkObjects: 4.190100 ms  DeleteObjects: 1.878400 ms)

AssetImportWorkerClient::OnTransportError - code=2 error=End of file
